TN:
SF:app.js
FNF:0
FNH:0
DA:1,1
DA:2,1
DA:3,1
DA:4,1
DA:5,1
DA:6,1
DA:7,1
DA:8,1
DA:9,1
DA:10,1
DA:11,1
DA:12,1
DA:13,1
DA:14,1
DA:15,1
DA:16,1
DA:17,1
DA:18,1
DA:19,1
DA:20,1
DA:21,1
DA:22,1
DA:23,1
DA:24,1
DA:25,1
DA:26,1
DA:27,1
DA:28,1
DA:29,1
DA:30,1
DA:31,1
DA:32,1
DA:33,1
DA:34,1
DA:35,1
DA:36,1
DA:37,1
DA:38,1
DA:39,1
DA:40,1
DA:41,1
DA:42,1
DA:43,1
DA:44,1
DA:45,1
DA:46,1
DA:47,1
DA:48,1
DA:49,1
DA:50,1
DA:51,1
DA:52,1
DA:53,1
DA:54,1
DA:55,1
DA:56,1
DA:57,1
DA:58,1
DA:59,1
DA:60,1
DA:61,1
DA:62,1
DA:63,13
DA:64,13
DA:65,13
DA:66,1
DA:67,1
DA:68,1
DA:69,1
DA:70,1
DA:71,1
DA:72,1
DA:73,1
DA:74,1
DA:75,1
DA:76,1
DA:77,1
DA:78,1
DA:79,1
DA:80,1
DA:81,1
DA:82,1
DA:83,1
DA:84,1
DA:85,1
DA:86,1
DA:87,4
DA:88,4
DA:89,4
DA:90,4
DA:91,4
DA:92,4
DA:93,4
DA:94,4
DA:95,4
DA:96,4
DA:97,4
DA:98,4
DA:99,4
DA:100,4
DA:101,4
DA:102,4
DA:103,4
DA:104,4
DA:105,4
DA:106,4
DA:107,1
DA:108,1
DA:109,1
DA:110,1
DA:111,1
LF:111
LH:111
BRDA:62,0,0,13
BRDA:81,1,0,1
BRDA:86,2,0,4
BRF:3
BRH:3
end_of_record
TN:
SF:config/mongo.js
FN:9,dbConnect
FNF:1
FNH:1
FNDA:4,dbConnect
DA:1,1
DA:2,1
DA:3,1
DA:4,1
DA:5,1
DA:6,1
DA:7,1
DA:8,1
DA:9,1
DA:10,4
DA:11,4
DA:12,4
DA:13,4
DA:14,4
DA:15,4
DA:16,4
DA:17,4
DA:18,1
DA:19,1
DA:20,1
DA:21,1
DA:22,1
LF:22
LH:22
BRDA:9,0,0,4
BRDA:20,1,0,2
BRF:2
BRH:2
end_of_record
TN:
SF:controllers/AnuncioController.js
FN:14,getAnuncios
FN:29,getTags
FN:44,createAnuncio
FN:61,getAnuncioById
FN:77,updateAnuncio
FN:94,deleteAnuncio
FNF:6
FNH:0
FNDA:0,getAnuncios
FNDA:0,getTags
FNDA:0,createAnuncio
FNDA:0,getAnuncioById
FNDA:0,updateAnuncio
FNDA:0,deleteAnuncio
DA:1,1
DA:2,1
DA:3,1
DA:4,1
DA:5,1
DA:6,1
DA:7,1
DA:8,1
DA:9,1
DA:10,1
DA:11,1
DA:12,1
DA:13,1
DA:14,1
DA:15,0
DA:16,0
DA:17,0
DA:18,0
DA:19,0
DA:20,0
DA:21,0
DA:22,0
DA:23,1
DA:24,1
DA:25,1
DA:26,1
DA:27,1
DA:28,1
DA:29,1
DA:30,0
DA:31,0
DA:32,0
DA:33,0
DA:34,0
DA:35,0
DA:36,0
DA:37,1
DA:38,1
DA:39,1
DA:40,1
DA:41,1
DA:42,1
DA:43,1
DA:44,1
DA:45,0
DA:46,0
DA:47,0
DA:48,0
DA:49,0
DA:50,0
DA:51,0
DA:52,0
DA:53,0
DA:54,1
DA:55,1
DA:56,1
DA:57,1
DA:58,1
DA:59,1
DA:60,1
DA:61,1
DA:62,0
DA:63,0
DA:64,0
DA:65,0
DA:66,0
DA:67,0
DA:68,0
DA:69,1
DA:70,1
DA:71,1
DA:72,1
DA:73,1
DA:74,1
DA:75,1
DA:76,1
DA:77,1
DA:78,0
DA:79,0
DA:80,0
DA:81,0
DA:82,0
DA:83,0
DA:84,0
DA:85,0
DA:86,0
DA:87,1
DA:88,1
DA:89,1
DA:90,1
DA:91,1
DA:92,1
DA:93,1
DA:94,1
DA:95,0
DA:96,0
DA:97,0
DA:98,0
DA:99,0
DA:100,0
DA:101,0
DA:102,1
DA:103,1
LF:103
LH:56
BRF:0
BRH:0
end_of_record
TN:
SF:controllers/CustomerAccountController.js
FN:5,index
FN:21,deleteProduct
FNF:2
FNH:0
FNDA:0,index
FNDA:0,deleteProduct
DA:1,1
DA:2,1
DA:3,1
DA:4,1
DA:5,1
DA:6,0
DA:7,0
DA:8,0
DA:9,0
DA:10,0
DA:11,0
DA:12,0
DA:13,0
DA:14,0
DA:15,0
DA:16,0
DA:17,0
DA:18,0
DA:19,0
DA:20,1
DA:21,1
DA:22,0
DA:23,0
DA:24,0
DA:25,0
DA:26,0
DA:27,0
DA:28,0
DA:29,0
DA:30,0
DA:31,0
DA:32,0
DA:33,0
DA:34,0
DA:35,0
DA:36,0
DA:37,0
DA:38,0
DA:39,0
DA:40,0
DA:41,0
DA:42,0
DA:43,0
DA:44,0
DA:45,0
DA:46,0
DA:47,0
DA:48,0
DA:49,0
DA:50,1
DA:51,1
LF:51
LH:9
BRF:0
BRH:0
end_of_record
TN:
SF:controllers/LocaleController.js
FN:1,changeLocale
FNF:1
FNH:0
FNDA:0,changeLocale
DA:1,1
DA:2,0
DA:3,0
DA:4,0
DA:5,0
DA:6,0
DA:7,0
DA:8,0
DA:9,0
DA:10,0
DA:11,0
DA:12,0
DA:13,0
DA:14,1
DA:15,1
LF:15
LH:3
BRF:0
BRH:0
end_of_record
TN:
SF:controllers/LoginController.js
FN:5,index
FN:12,postLogin
FN:41,logOut
FN:50,postAPIJWT
FNF:4
FNH:1
FNDA:0,index
FNDA:0,postLogin
FNDA:0,logOut
FNDA:14,postAPIJWT
DA:1,1
DA:2,1
DA:3,1
DA:4,1
DA:5,1
DA:6,0
DA:7,0
DA:8,0
DA:9,0
DA:10,0
DA:11,0
DA:12,1
DA:13,0
DA:14,0
DA:15,0
DA:16,0
DA:17,0
DA:18,0
DA:19,0
DA:20,0
DA:21,0
DA:22,0
DA:23,0
DA:24,0
DA:25,0
DA:26,0
DA:27,0
DA:28,0
DA:29,0
DA:30,0
DA:31,0
DA:32,0
DA:33,0
DA:34,0
DA:35,0
DA:36,0
DA:37,0
DA:38,0
DA:39,0
DA:40,0
DA:41,1
DA:42,0
DA:43,0
DA:44,0
DA:45,0
DA:46,0
DA:47,0
DA:48,0
DA:49,1
DA:50,1
DA:51,14
DA:52,14
DA:53,14
DA:54,14
DA:55,14
DA:56,14
DA:57,14
DA:58,14
DA:59,14
DA:60,14
DA:61,14
DA:62,14
DA:63,14
DA:64,14
DA:65,14
DA:66,14
DA:67,14
DA:68,14
DA:69,1
DA:70,1
LF:70
LH:29
BRDA:50,0,0,14
BRF:1
BRH:1
end_of_record
TN:
SF:controllers/index.js
FNF:0
FNH:0
DA:1,1
DA:2,1
DA:3,1
DA:4,1
DA:5,1
DA:6,1
LF:6
LH:6
BRF:0
BRH:0
end_of_record
TN:
SF:lib/authMiddleware.js
FN:1,Object.<anonymous>.module.exports
FNF:1
FNH:0
FNDA:0,Object.<anonymous>.module.exports
DA:1,1
DA:2,0
DA:3,0
DA:4,0
DA:5,0
DA:6,0
DA:7,0
LF:7
LH:1
BRF:0
BRH:0
end_of_record
TN:
SF:lib/demotest.js
FN:1,suma
FNF:1
FNH:1
FNDA:4,suma
DA:1,1
DA:2,4
DA:3,4
DA:4,4
DA:5,4
DA:6,4
DA:7,1
DA:8,1
LF:8
LH:8
BRF:0
BRH:0
end_of_record
TN:
SF:lib/emailConfig.js
FN:2,emailConfig
FNF:1
FNH:0
FNDA:0,emailConfig
DA:1,1
DA:2,1
DA:3,0
DA:4,0
DA:5,0
DA:6,0
DA:7,0
DA:8,0
DA:9,0
DA:10,0
DA:11,0
DA:12,0
DA:13,0
DA:14,0
DA:15,0
DA:16,0
DA:17,0
DA:18,0
DA:19,0
DA:20,0
DA:21,0
DA:22,0
DA:23,0
DA:24,0
DA:25,0
DA:26,0
DA:27,0
DA:28,0
DA:29,1
DA:30,1
LF:30
LH:4
BRF:0
BRH:0
end_of_record
TN:
SF:lib/i18nConfig.js
FNF:0
FNH:0
DA:1,1
DA:2,1
DA:3,1
DA:4,1
DA:5,1
DA:6,1
DA:7,1
DA:8,1
DA:9,1
DA:10,1
DA:11,1
DA:12,1
DA:13,1
DA:14,1
DA:15,1
LF:15
LH:15
BRF:0
BRH:0
end_of_record
TN:
SF:lib/jwtAuthMiddleware.js
FN:1,Object.<anonymous>
FN:3,jwtAuth
FNF:2
FNH:2
FNDA:2,Object.<anonymous>
FNDA:8,jwtAuth
DA:1,2
DA:2,2
DA:3,2
DA:4,8
DA:5,8
DA:6,8
DA:7,8
DA:8,8
DA:9,8
DA:10,8
DA:11,8
DA:12,8
DA:13,5
DA:14,5
DA:15,5
DA:16,5
DA:17,5
DA:18,5
DA:19,2
DA:20,2
DA:21,2
DA:22,2
DA:23,2
LF:23
LH:23
BRDA:1,0,0,2
BRDA:1,1,0,2
BRDA:3,2,0,8
BRF:3
BRH:3
end_of_record
TN:
SF:lib/multerMiddleware.js
FN:6,destination
FN:10,filename
FNF:2
FNH:0
FNDA:0,destination
FNDA:0,filename
DA:1,1
DA:2,1
DA:3,1
DA:4,1
DA:5,1
DA:6,1
DA:7,0
DA:8,0
DA:9,1
DA:10,1
DA:11,0
DA:12,0
DA:13,0
DA:14,0
DA:15,0
DA:16,0
DA:17,0
DA:18,1
DA:19,1
DA:20,1
DA:21,1
DA:22,1
DA:23,1
LF:23
LH:14
BRF:0
BRH:0
end_of_record
TN:
SF:lib/thumbnailCreate.js
FN:3,thumbnailCreate
FNF:1
FNH:1
FNDA:1,thumbnailCreate
DA:1,1
DA:2,1
DA:3,1
DA:4,1
DA:5,1
DA:6,1
DA:7,1
DA:8,1
DA:9,1
DA:10,1
DA:11,1
DA:12,1
DA:13,1
DA:14,0
DA:15,0
DA:16,1
DA:17,1
DA:18,1
DA:19,1
DA:20,1
DA:21,1
DA:22,1
DA:23,1
LF:23
LH:21
BRF:0
BRH:0
end_of_record
TN:
SF:lib/winstonConfig.js
FN:1,Object.<anonymous>
FNF:1
FNH:1
FNDA:2,Object.<anonymous>
DA:1,2
DA:2,2
DA:3,2
DA:4,2
DA:5,2
DA:6,2
DA:7,2
DA:8,2
DA:9,2
DA:10,2
DA:11,2
DA:12,2
DA:13,2
DA:14,2
DA:15,2
DA:16,2
DA:17,2
DA:18,2
DA:19,2
DA:20,2
DA:21,2
DA:22,2
DA:23,2
DA:24,2
LF:24
LH:24
BRDA:1,0,0,2
BRDA:1,1,0,2
BRF:2
BRH:2
end_of_record
TN:
SF:lib/amqp/publisher.js
FN:3,publisher
FNF:1
FNH:1
FNDA:4,publisher
DA:1,1
DA:2,1
DA:3,1
DA:4,4
DA:5,4
DA:6,4
DA:7,4
DA:8,4
DA:9,4
DA:10,4
DA:11,4
DA:12,4
DA:13,4
DA:14,4
DA:15,4
DA:16,4
DA:17,4
DA:18,4
DA:19,4
DA:20,4
DA:21,4
DA:22,4
DA:23,4
DA:24,4
DA:25,4
DA:26,4
DA:27,4
DA:28,4
DA:29,4
DA:30,4
DA:31,4
DA:32,4
DA:33,4
DA:34,4
DA:35,4
DA:36,4
DA:37,4
DA:38,4
DA:39,4
DA:40,4
DA:41,4
DA:42,4
DA:43,4
DA:44,4
DA:45,4
DA:46,4
DA:47,4
DA:48,1
DA:49,1
DA:50,1
LF:50
LH:50
BRDA:3,0,0,4
BRF:1
BRH:1
end_of_record
TN:
SF:models/Anuncio.js
FN:12,Object.<anonymous>.anuncioSchema.statics.list
FNF:1
FNH:0
FNDA:0,Object.<anonymous>.anuncioSchema.statics.list
DA:1,1
DA:2,1
DA:3,1
DA:4,1
DA:5,1
DA:6,1
DA:7,1
DA:8,1
DA:9,1
DA:10,1
DA:11,1
DA:12,1
DA:13,0
DA:14,0
DA:15,0
DA:16,0
DA:17,0
DA:18,0
DA:19,0
DA:20,0
DA:21,0
DA:22,0
DA:23,0
DA:24,0
DA:25,0
DA:26,0
DA:27,0
DA:28,0
DA:29,0
DA:30,0
DA:31,0
DA:32,0
DA:33,0
DA:34,0
DA:35,0
DA:36,0
DA:37,0
DA:38,0
DA:39,0
DA:40,0
DA:41,0
DA:42,0
DA:43,0
DA:44,0
DA:45,0
DA:46,0
DA:47,0
DA:48,0
DA:49,0
DA:50,0
DA:51,0
DA:52,0
DA:53,0
DA:54,0
DA:55,0
DA:56,0
DA:57,0
DA:58,0
DA:59,0
DA:60,1
DA:61,1
DA:62,1
DA:63,1
LF:63
LH:16
BRF:0
BRH:0
end_of_record
TN:
SF:models/User.js
FN:12,Object.<anonymous>.userSchema.statics.hashPassword
FN:16,Object.<anonymous>.userSchema.methods.verifyPassword
FN:20,Object.<anonymous>.userSchema.methods.sendMail
FNF:3
FNH:1
FNDA:0,Object.<anonymous>.userSchema.statics.hashPassword
FNDA:4,Object.<anonymous>.userSchema.methods.verifyPassword
FNDA:0,Object.<anonymous>.userSchema.methods.sendMail
DA:1,1
DA:2,1
DA:3,1
DA:4,1
DA:5,1
DA:6,1
DA:7,1
DA:8,1
DA:9,1
DA:10,1
DA:11,1
DA:12,1
DA:13,0
DA:14,0
DA:15,1
DA:16,1
DA:17,4
DA:18,4
DA:19,1
DA:20,1
DA:21,0
DA:22,0
DA:23,0
DA:24,0
DA:25,0
DA:26,0
DA:27,0
DA:28,0
DA:29,0
DA:30,0
DA:31,0
DA:32,1
DA:33,1
DA:34,1
LF:34
LH:21
BRDA:16,0,0,4
BRF:1
BRH:1
end_of_record
TN:
SF:models/index.js
FN:1,Object.<anonymous>
FNF:1
FNH:1
FNDA:2,Object.<anonymous>
DA:1,2
DA:2,2
DA:3,2
DA:4,2
LF:4
LH:4
BRDA:1,0,0,2
BRDA:1,1,0,2
BRF:2
BRH:2
end_of_record
TN:
SF:routes/api-docs.js
FN:1,Object.<anonymous>
FNF:1
FNH:1
FNDA:2,Object.<anonymous>
DA:1,2
DA:2,2
DA:3,2
DA:4,2
DA:5,2
DA:6,2
DA:7,2
DA:8,2
DA:9,2
DA:10,2
DA:11,2
DA:12,2
DA:13,2
DA:14,2
DA:15,2
DA:16,2
DA:17,2
DA:18,2
DA:19,2
DA:20,2
DA:21,2
DA:22,2
DA:23,2
DA:24,2
DA:25,2
DA:26,2
DA:27,2
DA:28,2
DA:29,2
DA:30,2
DA:31,2
DA:32,2
DA:33,2
DA:34,2
DA:35,2
DA:36,2
DA:37,2
DA:38,2
DA:39,2
DA:40,2
DA:41,2
DA:42,2
DA:43,2
DA:44,2
DA:45,2
DA:46,2
DA:47,2
DA:48,2
DA:49,2
DA:50,2
DA:51,2
DA:52,2
DA:53,2
DA:54,2
DA:55,2
DA:56,2
DA:57,2
DA:58,2
DA:59,2
DA:60,2
DA:61,2
DA:62,2
DA:63,2
DA:64,2
DA:65,2
DA:66,2
DA:67,2
DA:68,2
DA:69,2
DA:70,2
DA:71,2
DA:72,2
DA:73,2
DA:74,2
DA:75,2
DA:76,2
DA:77,2
DA:78,2
DA:79,2
DA:80,2
DA:81,2
DA:82,2
DA:83,2
DA:84,2
DA:85,2
DA:86,2
DA:87,2
DA:88,2
DA:89,2
DA:90,2
DA:91,2
DA:92,2
DA:93,2
DA:94,2
DA:95,2
DA:96,2
DA:97,2
DA:98,2
DA:99,2
DA:100,2
DA:101,2
DA:102,2
DA:103,2
DA:104,2
DA:105,2
DA:106,2
DA:107,2
DA:108,2
DA:109,2
DA:110,2
DA:111,2
DA:112,2
DA:113,2
DA:114,2
DA:115,2
DA:116,2
DA:117,2
DA:118,2
DA:119,2
DA:120,2
DA:121,2
DA:122,2
DA:123,2
DA:124,2
DA:125,2
DA:126,2
DA:127,2
DA:128,2
DA:129,2
DA:130,2
DA:131,2
DA:132,2
DA:133,2
DA:134,2
DA:135,2
DA:136,2
DA:137,2
DA:138,2
DA:139,2
DA:140,2
DA:141,2
DA:142,2
DA:143,2
DA:144,2
DA:145,2
DA:146,2
DA:147,2
DA:148,2
DA:149,2
DA:150,2
DA:151,2
DA:152,2
DA:153,2
DA:154,2
DA:155,2
DA:156,2
DA:157,2
DA:158,2
DA:159,2
DA:160,2
DA:161,2
DA:162,2
DA:163,2
DA:164,2
DA:165,2
DA:166,2
DA:167,2
DA:168,2
DA:169,2
DA:170,2
DA:171,2
DA:172,2
DA:173,2
DA:174,2
DA:175,2
DA:176,2
DA:177,2
DA:178,2
DA:179,2
DA:180,2
DA:181,2
DA:182,2
DA:183,2
DA:184,2
DA:185,2
DA:186,2
DA:187,2
DA:188,2
DA:189,2
DA:190,2
DA:191,2
DA:192,2
DA:193,2
DA:194,2
DA:195,2
DA:196,2
DA:197,2
DA:198,2
DA:199,2
DA:200,2
DA:201,2
DA:202,2
DA:203,2
DA:204,2
DA:205,2
DA:206,2
DA:207,2
DA:208,2
DA:209,2
DA:210,2
DA:211,2
DA:212,2
DA:213,2
DA:214,2
DA:215,2
DA:216,2
DA:217,2
DA:218,2
DA:219,2
DA:220,2
DA:221,2
DA:222,2
DA:223,2
DA:224,2
DA:225,2
DA:226,2
DA:227,2
DA:228,2
DA:229,2
DA:230,2
DA:231,2
DA:232,2
DA:233,2
DA:234,2
DA:235,2
DA:236,2
DA:237,2
DA:238,2
DA:239,2
DA:240,2
DA:241,2
DA:242,2
DA:243,2
DA:244,2
DA:245,2
DA:246,2
DA:247,2
DA:248,2
DA:249,2
DA:250,2
DA:251,2
DA:252,2
DA:253,2
DA:254,2
DA:255,2
DA:256,2
DA:257,2
DA:258,2
DA:259,2
DA:260,2
DA:261,2
DA:262,2
DA:263,2
DA:264,2
DA:265,2
DA:266,2
DA:267,2
DA:268,2
DA:269,2
DA:270,2
DA:271,2
DA:272,2
DA:273,2
DA:274,2
DA:275,2
DA:276,2
DA:277,2
DA:278,2
DA:279,2
DA:280,2
DA:281,2
DA:282,2
DA:283,2
DA:284,2
DA:285,2
DA:286,2
DA:287,2
DA:288,2
DA:289,2
DA:290,2
DA:291,2
DA:292,2
DA:293,2
DA:294,2
DA:295,2
DA:296,2
DA:297,2
DA:298,2
DA:299,2
DA:300,2
DA:301,2
DA:302,2
DA:303,2
DA:304,2
DA:305,2
DA:306,2
DA:307,2
DA:308,2
DA:309,2
DA:310,2
DA:311,2
DA:312,2
DA:313,2
DA:314,2
DA:315,2
DA:316,2
DA:317,2
DA:318,2
DA:319,2
DA:320,2
DA:321,2
DA:322,2
DA:323,2
DA:324,2
DA:325,2
DA:326,2
DA:327,2
DA:328,2
DA:329,2
DA:330,2
DA:331,2
DA:332,2
DA:333,2
DA:334,2
DA:335,2
DA:336,2
DA:337,2
DA:338,2
DA:339,2
DA:340,2
DA:341,2
LF:341
LH:341
BRDA:1,0,0,2
BRDA:1,1,0,2
BRF:2
BRH:2
end_of_record
TN:
SF:routes/api.js
FNF:0
FNH:0
DA:1,1
DA:2,1
DA:3,1
DA:4,1
DA:5,1
DA:6,1
DA:7,1
DA:8,1
DA:9,1
DA:10,1
DA:11,1
DA:12,1
DA:13,1
DA:14,1
DA:15,1
DA:16,1
DA:17,1
DA:18,2
DA:19,2
DA:20,2
DA:21,2
DA:22,1
DA:23,1
DA:24,0
DA:25,0
DA:26,0
DA:27,0
DA:28,0
DA:29,0
DA:30,0
DA:31,0
DA:32,0
DA:33,0
DA:34,0
DA:35,0
DA:36,0
DA:37,0
DA:38,0
DA:39,0
DA:40,0
DA:41,0
DA:42,0
DA:43,0
DA:44,0
DA:45,0
DA:46,0
DA:47,0
DA:48,0
DA:49,1
DA:50,1
DA:51,2
DA:52,2
DA:53,2
DA:54,2
DA:55,2
DA:56,2
DA:57,2
DA:58,2
DA:59,2
DA:60,2
DA:61,2
DA:62,2
DA:63,2
DA:64,2
DA:65,2
DA:66,2
DA:67,1
DA:68,1
DA:69,0
DA:70,0
DA:71,0
DA:72,0
DA:73,0
DA:74,0
DA:75,0
DA:76,0
DA:77,0
DA:78,0
DA:79,0
DA:80,0
DA:81,0
DA:82,1
DA:83,0
DA:84,0
DA:85,0
DA:86,0
DA:87,0
DA:88,0
DA:89,0
DA:90,0
DA:91,0
DA:92,0
DA:93,0
DA:94,1
DA:95,1
DA:96,0
DA:97,0
DA:98,0
DA:99,0
DA:100,0
DA:101,0
DA:102,0
DA:103,0
DA:104,0
DA:105,1
DA:106,1
DA:107,0
DA:108,0
DA:109,0
DA:110,0
DA:111,0
DA:112,0
DA:113,0
DA:114,0
DA:115,0
DA:116,0
DA:117,0
DA:118,1
DA:119,1
LF:119
LH:50
BRDA:17,0,0,2
BRDA:50,1,0,2
BRF:2
BRH:2
end_of_record
TN:
SF:routes/index.js
FNF:0
FNH:0
DA:1,1
DA:2,1
DA:3,1
DA:4,1
DA:5,1
DA:6,1
DA:7,1
DA:8,0
DA:9,0
DA:10,0
DA:11,0
DA:12,0
DA:13,0
DA:14,0
DA:15,0
DA:16,0
DA:17,0
DA:18,0
DA:19,0
DA:20,0
DA:21,0
DA:22,0
DA:23,0
DA:24,0
DA:25,0
DA:26,0
DA:27,0
DA:28,0
DA:29,0
DA:30,0
DA:31,0
DA:32,0
DA:33,0
DA:34,0
DA:35,0
DA:36,0
DA:37,0
DA:38,0
DA:39,0
DA:40,0
DA:41,1
DA:42,1
LF:42
LH:9
BRF:0
BRH:0
end_of_record
